<?xml version="1.0" encoding="UTF-8"?>
<!-- Generated by org.testng.reporters.JUnitReportReporter -->
<testsuite hostname="ALIPL5119" name="testCases.ExecuteTest" tests="1" failures="0" timestamp="20 May 2019 03:13:35 GMT" time="38.949" errors="0">
  <testcase name="testLogin" time="38.949" classname="testCases.ExecuteTest"/>
</testsuite> <!-- testCases.ExecuteTest -->
