<?xml version="1.0" encoding="UTF-8"?>
<!-- Generated by org.testng.reporters.JUnitReportReporter -->
<testsuite hostname="ALIPL5119" name="testDrivers.TestDriver" tests="1" failures="0" timestamp="24 May 2019 12:58:52 GMT" time="44.084" errors="1">
  <testcase name="tDriver" time="44.084" classname="testDrivers.TestDriver">
    <error type="java.lang.Error" message="Unresolved compilation problem: 
	RETURN_BLANK_AS_NULL cannot be resolved or is not a field
">
      <![CDATA[java.lang.Error: Unresolved compilation problem: 
	RETURN_BLANK_AS_NULL cannot be resolved or is not a field

	at utility.ExcelUtils.setCellData(ExcelUtils.java:213)
	at testAutomation.Genlib.setTestRunStatus(Genlib.java:100)
	at testAutomation.Genlib.invokeTest(Genlib.java:70)
	at testDrivers.TestDriver.tDriver(TestDriver.java:16)
	at sun.reflect.NativeMethodAccessorImpl.invoke0(Native Method)
	at sun.reflect.NativeMethodAccessorImpl.invoke(Unknown Source)
	at sun.reflect.DelegatingMethodAccessorImpl.invoke(Unknown Source)
	at java.lang.reflect.Method.invoke(Unknown Source)
	at org.testng.internal.MethodInvocationHelper.invokeMethod(MethodInvocationHelper.java:85)
	at org.testng.internal.Invoker.invokeMethod(Invoker.java:639)
	at org.testng.internal.Invoker.invokeTestMethod(Invoker.java:816)
	at org.testng.internal.Invoker.invokeTestMethods(Invoker.java:1124)
	at org.testng.internal.TestMethodWorker.invokeTestMethods(TestMethodWorker.java:125)
	at org.testng.internal.TestMethodWorker.run(TestMethodWorker.java:108)
	at org.testng.TestRunner.privateRun(TestRunner.java:774)
	at org.testng.TestRunner.run(TestRunner.java:624)
	at org.testng.SuiteRunner.runTest(SuiteRunner.java:359)
	at org.testng.SuiteRunner.runSequentially(SuiteRunner.java:354)
	at org.testng.SuiteRunner.privateRun(SuiteRunner.java:312)
	at org.testng.SuiteRunner.run(SuiteRunner.java:261)
	at org.testng.SuiteRunnerWorker.runSuite(SuiteRunnerWorker.java:52)
	at org.testng.SuiteRunnerWorker.run(SuiteRunnerWorker.java:86)
	at org.testng.TestNG.runSuitesSequentially(TestNG.java:1215)
	at org.testng.TestNG.runSuitesLocally(TestNG.java:1140)
	at org.testng.TestNG.run(TestNG.java:1048)
	at testDrivers.TestNGCreator.runTestNGTest(TestNGCreator.java:153)
	at testDrivers.TestNGCreator.main(TestNGCreator.java:159)
]]>
    </error>
  </testcase> <!-- tDriver -->
</testsuite> <!-- testDrivers.TestDriver -->
