<?xml version="1.0" encoding="UTF-8"?>
<!-- Generated by org.testng.reporters.JUnitReportReporter -->
<testsuite name="com.maven.Sample" tests="1" time="55.125" ignored="0" failures="0" timestamp="22 May 2019 10:37:13 GMT" skipped="0" hostname="ALIPL5119" errors="0">
  <testcase name="test" time="55.125" classname="com.maven.Sample"/>
</testsuite> <!-- com.maven.Sample -->
